Using pre-set license
Pro License: NO

 COMMAND LINE ARGUMENTS:
/Applications/Unity/Hub/Editor/2021.1.17f1/Unity.app/Contents/MacOS/Unity
-adb2
-batchMode
-noUpm
-name
AssetImportWorker0
-projectPath
/Users/nhannh/Repo/MyCollection
-logFile
Logs/AssetImportWorker0.log
-srvPort
49741
Successfully changed project path to: /Users/nhannh/Repo/MyCollection
/Users/nhannh/Repo/MyCollection
Using Asset Import Pipeline V2.
Refreshing native plugins compatible for Editor in 83.49 ms, found 4 plugins.
Preloading 0 native plugins for Editor in 0.00 ms.
Initialize engine version: 2021.1.17f1 (03b40fe07a36)
[Subsystems] Discovering subsystems at path /Applications/Unity/Hub/Editor/2021.1.17f1/Unity.app/Contents/Resources/UnitySubsystems
[Subsystems] Discovering subsystems at path /Users/nhannh/Repo/MyCollection/Assets
GfxDevice: creating device client; threaded=0; jobified=0
Renderer: AMD Radeon RX 560 OpenGL Engine
Vendor:   ATI Technologies Inc.
Version:  4.1 ATI-3.10.18
GLES:     0
 GL_ARB_blend_func_extended GL_ARB_draw_buffers_blend GL_ARB_draw_indirect GL_ARB_ES2_compatibility GL_ARB_explicit_attrib_location GL_ARB_gpu_shader_fp64 GL_ARB_gpu_shader5 GL_ARB_instanced_arrays GL_ARB_internalformat_query GL_ARB_occlusion_query2 GL_ARB_sample_shading GL_ARB_sampler_objects GL_ARB_separate_shader_objects GL_ARB_shader_bit_encoding GL_ARB_shader_subroutine GL_ARB_shading_language_include GL_ARB_tessellation_shader GL_ARB_texture_buffer_object_rgb32 GL_ARB_texture_cube_map_array GL_ARB_texture_gather GL_ARB_texture_query_lod GL_ARB_texture_rgb10_a2ui GL_ARB_texture_storage GL_ARB_texture_swizzle GL_ARB_timer_query GL_ARB_transform_feedback2 GL_ARB_transform_feedback3 GL_ARB_vertex_attrib_64bit GL_ARB_vertex_type_2_10_10_10_rev GL_ARB_viewport_array GL_EXT_debug_label GL_EXT_debug_marker GL_EXT_depth_bounds_test GL_EXT_texture_compression_s3tc GL_EXT_texture_filter_anisotropic GL_EXT_texture_mirror_clamp GL_EXT_texture_sRGB_decode GL_APPLE_client_storage GL_APPLE_container_object_shareable G
L_APPLE_flush_render GL_APPLE_object_purgeable GL_APPLE_rgb_422 GL_APPLE_row_bytes GL_APPLE_texture_range GL_ATI_texture_mirror_once GL_NV_texture_barrier
OPENGL LOG: Creating OpenGL 4.1 graphics device ; Context level  <OpenGL 4.1> ; Context handle 1677836288
Initialize mono
Mono path[0] = '/Applications/Unity/Hub/Editor/2021.1.17f1/Unity.app/Contents/Managed'
Mono path[1] = '/Applications/Unity/Hub/Editor/2021.1.17f1/Unity.app/Contents/MonoBleedingEdge/lib/mono/unityjit'
Mono config path = '/Applications/Unity/Hub/Editor/2021.1.17f1/Unity.app/Contents/MonoBleedingEdge/etc'
Using monoOptions --debugger-agent=transport=dt_socket,embedding=1,server=y,suspend=n,address=127.0.0.1:56177
Begin MonoManager ReloadAssembly
Registering precompiled unity dll's ...
Register platform support module: /Applications/Unity/Hub/Editor/2021.1.17f1/Unity.app/Contents/PlaybackEngines/MacStandaloneSupport/UnityEditor.OSXStandalone.Extensions.dll
Register platform support module: /Applications/Unity/Hub/Editor/2021.1.17f1/PlaybackEngines/WindowsStandaloneSupport/UnityEditor.WindowsStandalone.Extensions.dll
Registered in 0.000539 seconds.
Native extension for WindowsStandalone target not found
Native extension for OSXStandalone target not found
Refreshing native plugins compatible for Editor in 78.69 ms, found 4 plugins.
Preloading 0 native plugins for Editor in 0.00 ms.
Mono: successfully reloaded assembly
- Completed reload, in  2.151 seconds
Domain Reload Profiling:
	ReloadAssembly (2151ms)
		BeginReloadAssembly (43ms)
			ExecutionOrderSort (0ms)
			DisableScriptedObjects (0ms)
			BackupInstance (0ms)
			ReleaseScriptingObjects (0ms)
			CreateAndSetChildDomain (1ms)
		EndReloadAssembly (517ms)
			LoadAssemblies (42ms)
			RebuildTransferFunctionScriptingTraits (0ms)
			SetupTypeCache (194ms)
			ReleaseScriptCaches (0ms)
			RebuildScriptCaches (41ms)
			SetupLoadedEditorAssemblies (235ms)
				LogAssemblyErrors (0ms)
				InitializePlatformSupportModulesInManaged (7ms)
				SetLoadedEditorAssemblies (0ms)
				RefreshPlugins (79ms)
				BeforeProcessingInitializeOnLoad (2ms)
				ProcessInitializeOnLoadAttributes (116ms)
				ProcessInitializeOnLoadMethodAttributes (32ms)
				AfterProcessingInitializeOnLoad (0ms)
				EditorAssembliesLoaded (0ms)
			ExecutionOrderSort2 (0ms)
			AwakeInstancesAfterBackupRestoration (0ms)
Platform modules already initialized, skipping
Registering precompiled user dll's ...
Registered in 0.002255 seconds.
Begin MonoManager ReloadAssembly
Symbol file LoadedFromMemory doesn't match image /Users/nhannh/Repo/MyCollection/Library/PackageCache/com.unity.visualscripting@1.6.1/Editor/VisualScripting.Core/Dependencies/YamlDotNet/Unity.VisualScripting.YamlDotNet.dll
Symbol file LoadedFromMemory doesn't match image /Users/nhannh/Repo/MyCollection/Library/PackageCache/com.unity.visualscripting@1.6.1/Editor/VisualScripting.Core/Dependencies/DotNetZip/Unity.VisualScripting.IonicZip.dll
Native extension for WindowsStandalone target not found
Native extension for OSXStandalone target not found
Refreshing native plugins compatible for Editor in 0.90 ms, found 4 plugins.
Preloading 0 native plugins for Editor in 0.00 ms.
Mono: successfully reloaded assembly
- Completed reload, in  1.577 seconds
Domain Reload Profiling:
	ReloadAssembly (1578ms)
		BeginReloadAssembly (169ms)
			ExecutionOrderSort (0ms)
			DisableScriptedObjects (6ms)
			BackupInstance (0ms)
			ReleaseScriptingObjects (0ms)
			CreateAndSetChildDomain (37ms)
		EndReloadAssembly (1345ms)
			LoadAssemblies (71ms)
			RebuildTransferFunctionScriptingTraits (0ms)
			SetupTypeCache (423ms)
			ReleaseScriptCaches (1ms)
			RebuildScriptCaches (72ms)
			SetupLoadedEditorAssemblies (660ms)
				LogAssemblyErrors (0ms)
				InitializePlatformSupportModulesInManaged (7ms)
				SetLoadedEditorAssemblies (1ms)
				RefreshPlugins (1ms)
				BeforeProcessingInitializeOnLoad (77ms)
				ProcessInitializeOnLoadAttributes (567ms)
				ProcessInitializeOnLoadMethodAttributes (5ms)
				AfterProcessingInitializeOnLoad (1ms)
				EditorAssembliesLoaded (0ms)
			ExecutionOrderSort2 (0ms)
			AwakeInstancesAfterBackupRestoration (7ms)
Platform modules already initialized, skipping
========================================================================
Worker process is ready to serve import requests
Launching external process: /Applications/Unity/Hub/Editor/2021.1.17f1/Unity.app/Contents/Tools/UnityShaderCompiler
Launched and connected shader compiler UnityShaderCompiler after 0.01 seconds
Refreshing native plugins compatible for Editor in 0.64 ms, found 4 plugins.
Preloading 0 native plugins for Editor in 0.00 ms.
Unloading 3620 Unused Serialized files (Serialized files now loaded: 0)
System memory in use before: 261.5 MB.
System memory in use after: 261.6 MB.

Unloading 109 unused Assets to reduce memory usage. Loaded Objects now: 4041.
Total: 3.862165 ms (FindLiveObjects: 0.229385 ms CreateObjectMapping: 0.132180 ms MarkObjects: 3.051919 ms  DeleteObjects: 0.447853 ms)

AssetImportParameters requested are different than current active one (requested -> active):
  custom:video-decoder-ogg-theora: a1e56fd34408186e4bbccfd4996cb3dc -> 
  custom:container-muxer-webm: aa71ff27fc2769a1b78a27578f13a17b -> 
  custom:container-demuxer-webm: 4f35f7cbe854078d1ac9338744f61a02 -> 
  custom:container-demuxer-ogg: 62fdf1f143b41e24485cea50d1cbac27 -> 
  custom:video-encoder-webm-vp8: eb34c28f22e8b96e1ab97ce403110664 -> 
  custom:framework-osx-AVFoundation: b23960f63f64bdc6ff669e2cdcee2391 -> 
  custom:video-decoder-webm-vp8: 9c59270c3fd7afecdb556c50c9e8de78 -> 
  custom:audio-decoder-ogg-vorbis: bf7c407c2cedff20999df2af8eb42d56 -> 
  custom:audio-encoder-webm-vorbis: bf7c407c2cedff20999df2af8eb42d56 -> 
========================================================================
Received Import Request.
  path: Assets/Collections/Shaders/ToonWater
  artifactKey: Guid(c09f4bac44d534c5c8e0e4b2ec529a3f) Importer(815301076,1909f56bfc062723c751e8b465ee728b)
Start importing Assets/Collections/Shaders/ToonWater using Guid(c09f4bac44d534c5c8e0e4b2ec529a3f) Importer(815301076,1909f56bfc062723c751e8b465ee728b)  -> (artifact id: '0c79235c75859f3c893c4dae60dc1a60') in 0.004136 seconds 
========================================================================
Received Prepare
Registering precompiled user dll's ...
Registered in 0.002367 seconds.
Begin MonoManager ReloadAssembly
Symbol file LoadedFromMemory doesn't match image /Users/nhannh/Repo/MyCollection/Library/PackageCache/com.unity.visualscripting@1.6.1/Editor/VisualScripting.Core/Dependencies/YamlDotNet/Unity.VisualScripting.YamlDotNet.dll
Symbol file LoadedFromMemory doesn't match image /Users/nhannh/Repo/MyCollection/Library/PackageCache/com.unity.visualscripting@1.6.1/Editor/VisualScripting.Core/Dependencies/DotNetZip/Unity.VisualScripting.IonicZip.dll
Native extension for WindowsStandalone target not found
Native extension for OSXStandalone target not found
Refreshing native plugins compatible for Editor in 0.63 ms, found 4 plugins.
Preloading 0 native plugins for Editor in 0.00 ms.
Warning: Annotation not found!
UnityEngine.StackTraceUtility:ExtractStackTrace () (at /Users/bokken/buildslave/unity/build/Runtime/Export/Scripting/StackTrace.cs:37)
UnityEditor.ProBuilder.EditorUtility:SetGizmoIconEnabled (System.Type,bool) (at Library/PackageCache/com.unity.probuilder@5.0.3/Editor/EditorCore/EditorUtility.cs:575)
UnityEditor.ProBuilder.HierarchyListener:.cctor () (at Library/PackageCache/com.unity.probuilder@5.0.3/Editor/EditorCore/HierarchyListener.cs:21)
System.Runtime.CompilerServices.RuntimeHelpers:RunClassConstructor (System.RuntimeTypeHandle)
UnityEditor.EditorAssemblies:ProcessInitializeOnLoadAttributes (System.Type[]) (at /Users/bokken/buildslave/unity/build/Editor/Mono/EditorAssemblies.cs:134)

[/Users/bokken/buildslave/unity/build/Runtime/Export/Scripting/StackTrace.cs line 37]

Mono: successfully reloaded assembly
- Completed reload, in  1.218 seconds
Domain Reload Profiling:
	ReloadAssembly (1218ms)
		BeginReloadAssembly (135ms)
			ExecutionOrderSort (0ms)
			DisableScriptedObjects (5ms)
			BackupInstance (0ms)
			ReleaseScriptingObjects (0ms)
			CreateAndSetChildDomain (66ms)
		EndReloadAssembly (1020ms)
			LoadAssemblies (70ms)
			RebuildTransferFunctionScriptingTraits (0ms)
			SetupTypeCache (377ms)
			ReleaseScriptCaches (1ms)
			RebuildScriptCaches (57ms)
			SetupLoadedEditorAssemblies (404ms)
				LogAssemblyErrors (0ms)
				InitializePlatformSupportModulesInManaged (5ms)
				SetLoadedEditorAssemblies (0ms)
				RefreshPlugins (1ms)
				BeforeProcessingInitializeOnLoad (47ms)
				ProcessInitializeOnLoadAttributes (345ms)
				ProcessInitializeOnLoadMethodAttributes (5ms)
				AfterProcessingInitializeOnLoad (1ms)
				EditorAssembliesLoaded (0ms)
			ExecutionOrderSort2 (0ms)
			AwakeInstancesAfterBackupRestoration (6ms)
Platform modules already initialized, skipping
Refreshing native plugins compatible for Editor in 0.62 ms, found 4 plugins.
Preloading 0 native plugins for Editor in 0.00 ms.
Unloading 3551 Unused Serialized files (Serialized files now loaded: 0)
System memory in use before: 256.0 MB.
System memory in use after: 256.1 MB.

Unloading 30 unused Assets to reduce memory usage. Loaded Objects now: 4047.
Total: 3.177691 ms (FindLiveObjects: 0.234477 ms CreateObjectMapping: 0.141846 ms MarkObjects: 2.700622 ms  DeleteObjects: 0.100069 ms)

AssetImportParameters requested are different than current active one (requested -> active):
  custom:video-decoder-ogg-theora: a1e56fd34408186e4bbccfd4996cb3dc -> 
  custom:container-muxer-webm: aa71ff27fc2769a1b78a27578f13a17b -> 
  custom:container-demuxer-webm: 4f35f7cbe854078d1ac9338744f61a02 -> 
  custom:container-demuxer-ogg: 62fdf1f143b41e24485cea50d1cbac27 -> 
  custom:video-encoder-webm-vp8: eb34c28f22e8b96e1ab97ce403110664 -> 
  custom:framework-osx-AVFoundation: b23960f63f64bdc6ff669e2cdcee2391 -> 
  custom:video-decoder-webm-vp8: 9c59270c3fd7afecdb556c50c9e8de78 -> 
  custom:audio-decoder-ogg-vorbis: bf7c407c2cedff20999df2af8eb42d56 -> 
  custom:audio-encoder-webm-vorbis: bf7c407c2cedff20999df2af8eb42d56 -> 
========================================================================
Received Prepare
Registering precompiled user dll's ...
Registered in 0.002204 seconds.
Begin MonoManager ReloadAssembly
Symbol file LoadedFromMemory doesn't match image /Users/nhannh/Repo/MyCollection/Library/PackageCache/com.unity.visualscripting@1.6.1/Editor/VisualScripting.Core/Dependencies/YamlDotNet/Unity.VisualScripting.YamlDotNet.dll
Symbol file LoadedFromMemory doesn't match image /Users/nhannh/Repo/MyCollection/Library/PackageCache/com.unity.visualscripting@1.6.1/Editor/VisualScripting.Core/Dependencies/DotNetZip/Unity.VisualScripting.IonicZip.dll
Native extension for WindowsStandalone target not found
Native extension for OSXStandalone target not found
Refreshing native plugins compatible for Editor in 0.64 ms, found 4 plugins.
Preloading 0 native plugins for Editor in 0.00 ms.
Warning: Annotation not found!
UnityEngine.StackTraceUtility:ExtractStackTrace () (at /Users/bokken/buildslave/unity/build/Runtime/Export/Scripting/StackTrace.cs:37)
UnityEditor.ProBuilder.EditorUtility:SetGizmoIconEnabled (System.Type,bool) (at Library/PackageCache/com.unity.probuilder@5.0.3/Editor/EditorCore/EditorUtility.cs:575)
UnityEditor.ProBuilder.HierarchyListener:.cctor () (at Library/PackageCache/com.unity.probuilder@5.0.3/Editor/EditorCore/HierarchyListener.cs:21)
System.Runtime.CompilerServices.RuntimeHelpers:RunClassConstructor (System.RuntimeTypeHandle)
UnityEditor.EditorAssemblies:ProcessInitializeOnLoadAttributes (System.Type[]) (at /Users/bokken/buildslave/unity/build/Editor/Mono/EditorAssemblies.cs:134)

[/Users/bokken/buildslave/unity/build/Runtime/Export/Scripting/StackTrace.cs line 37]

Mono: successfully reloaded assembly
- Completed reload, in  1.242 seconds
Domain Reload Profiling:
	ReloadAssembly (1243ms)
		BeginReloadAssembly (130ms)
			ExecutionOrderSort (0ms)
			DisableScriptedObjects (5ms)
			BackupInstance (0ms)
			ReleaseScriptingObjects (0ms)
			CreateAndSetChildDomain (65ms)
		EndReloadAssembly (1049ms)
			LoadAssemblies (74ms)
			RebuildTransferFunctionScriptingTraits (0ms)
			SetupTypeCache (387ms)
			ReleaseScriptCaches (1ms)
			RebuildScriptCaches (59ms)
			SetupLoadedEditorAssemblies (414ms)
				LogAssemblyErrors (0ms)
				InitializePlatformSupportModulesInManaged (5ms)
				SetLoadedEditorAssemblies (0ms)
				RefreshPlugins (1ms)
				BeforeProcessingInitializeOnLoad (49ms)
				ProcessInitializeOnLoadAttributes (353ms)
				ProcessInitializeOnLoadMethodAttributes (5ms)
				AfterProcessingInitializeOnLoad (1ms)
				EditorAssembliesLoaded (0ms)
			ExecutionOrderSort2 (0ms)
			AwakeInstancesAfterBackupRestoration (7ms)
Platform modules already initialized, skipping
Refreshing native plugins compatible for Editor in 0.64 ms, found 4 plugins.
Preloading 0 native plugins for Editor in 0.00 ms.
Unloading 3551 Unused Serialized files (Serialized files now loaded: 0)
System memory in use before: 256.3 MB.
System memory in use after: 256.4 MB.

Unloading 30 unused Assets to reduce memory usage. Loaded Objects now: 4050.
Total: 3.287010 ms (FindLiveObjects: 0.223032 ms CreateObjectMapping: 0.133893 ms MarkObjects: 2.824036 ms  DeleteObjects: 0.104713 ms)

AssetImportParameters requested are different than current active one (requested -> active):
  custom:video-decoder-ogg-theora: a1e56fd34408186e4bbccfd4996cb3dc -> 
  custom:container-muxer-webm: aa71ff27fc2769a1b78a27578f13a17b -> 
  custom:container-demuxer-webm: 4f35f7cbe854078d1ac9338744f61a02 -> 
  custom:container-demuxer-ogg: 62fdf1f143b41e24485cea50d1cbac27 -> 
  custom:video-encoder-webm-vp8: eb34c28f22e8b96e1ab97ce403110664 -> 
  custom:framework-osx-AVFoundation: b23960f63f64bdc6ff669e2cdcee2391 -> 
  custom:video-decoder-webm-vp8: 9c59270c3fd7afecdb556c50c9e8de78 -> 
  custom:audio-decoder-ogg-vorbis: bf7c407c2cedff20999df2af8eb42d56 -> 
  custom:audio-encoder-webm-vorbis: bf7c407c2cedff20999df2af8eb42d56 -> 
========================================================================
Received Import Request.
  Time since last request: 69.471660 seconds.
  path: Assets/Shaders/UnlitShadowCaster.shader
  artifactKey: Guid(e419bc78c502d034f829b5caada9414f) Importer(815301076,1909f56bfc062723c751e8b465ee728b)
Start importing Assets/Shaders/UnlitShadowCaster.shader using Guid(e419bc78c502d034f829b5caada9414f) Importer(815301076,1909f56bfc062723c751e8b465ee728b)  -> (artifact id: '18982e817dc3859f1f43ad002e3d63af') in 1.457030 seconds 
========================================================================
Received Import Request.
  Time since last request: 7.599832 seconds.
  path: Assets/Collections/Shaders/ToonWater/Textures/Shoreline.png
  artifactKey: Guid(90acf4274636d2b47b0ab5b0159d55eb) Importer(815301076,1909f56bfc062723c751e8b465ee728b)
Start importing Assets/Collections/Shaders/ToonWater/Textures/Shoreline.png using Guid(90acf4274636d2b47b0ab5b0159d55eb) Importer(815301076,1909f56bfc062723c751e8b465ee728b) WARNING: RGBA Compressed BC7 UNorm format is not supported, decompressing texture
 -> (artifact id: 'c968e0867889c248ecec04fa754fdc79') in 0.492401 seconds 
========================================================================
Received Import Request.
  Time since last request: 1.947723 seconds.
  path: Assets/Collections/Shaders/ToonWater/Textures/PerlinNoise.png
  artifactKey: Guid(e182ac5d3b797044fb29f3fa2acc3708) Importer(815301076,1909f56bfc062723c751e8b465ee728b)
Start importing Assets/Collections/Shaders/ToonWater/Textures/PerlinNoise.png using Guid(e182ac5d3b797044fb29f3fa2acc3708) Importer(815301076,1909f56bfc062723c751e8b465ee728b) WARNING: RGBA Compressed BC7 UNorm format is not supported, decompressing texture
 -> (artifact id: 'b0c2660702e6ded1b5c74575132ec729') in 0.012631 seconds 
========================================================================
Received Import Request.
  Time since last request: 0.000337 seconds.
  path: Assets/Collections/Shaders/ToonWater/Textures/WaterDistortion.png
  artifactKey: Guid(c53bb6b8c40b02141be3fdec5cc582e9) Importer(815301076,1909f56bfc062723c751e8b465ee728b)
Start importing Assets/Collections/Shaders/ToonWater/Textures/WaterDistortion.png using Guid(c53bb6b8c40b02141be3fdec5cc582e9) Importer(815301076,1909f56bfc062723c751e8b465ee728b)  -> (artifact id: '62d8cac5f5080eb3b5921e8ef6872fa0') in 0.007523 seconds 
========================================================================
Received Import Request.
  Time since last request: 8.152077 seconds.
  path: Assets/Main.unity
  artifactKey: Guid(f8d23ecabaa135f4cb12fb0061cca2f3) Importer(815301076,1909f56bfc062723c751e8b465ee728b)
Start importing Assets/Main.unity using Guid(f8d23ecabaa135f4cb12fb0061cca2f3) Importer(815301076,1909f56bfc062723c751e8b465ee728b)  -> (artifact id: 'dffe037f0f300c88d1123b82cf4b705c') in 0.003423 seconds 
========================================================================
Received Import Request.
  Time since last request: 80.873583 seconds.
  path: Assets/Collections/Shaders/ToonWater/Main.unity
  artifactKey: Guid(f8d23ecabaa135f4cb12fb0061cca2f3) Importer(815301076,1909f56bfc062723c751e8b465ee728b)
Start importing Assets/Collections/Shaders/ToonWater/Main.unity using Guid(f8d23ecabaa135f4cb12fb0061cca2f3) Importer(815301076,1909f56bfc062723c751e8b465ee728b)  -> (artifact id: 'eccff985d630ae689fd316a53888d945') in 0.004007 seconds 
========================================================================
Received Import Request.
  Time since last request: 5.725865 seconds.
  path: Assets/Collections/Shaders/ToonWater/ToonWater.unity
  artifactKey: Guid(f8d23ecabaa135f4cb12fb0061cca2f3) Importer(815301076,1909f56bfc062723c751e8b465ee728b)
Start importing Assets/Collections/Shaders/ToonWater/ToonWater.unity using Guid(f8d23ecabaa135f4cb12fb0061cca2f3) Importer(815301076,1909f56bfc062723c751e8b465ee728b)  -> (artifact id: '2effbd245352017489a979cc503282ee') in 0.003447 seconds 
========================================================================
Received Import Request.
  Time since last request: 1.189527 seconds.
  path: Assets/Collections/Shaders/ToonWater/MainSettings.lighting
  artifactKey: Guid(2e480156490f84ad38a6d8a22f8da4cd) Importer(815301076,1909f56bfc062723c751e8b465ee728b)
Start importing Assets/Collections/Shaders/ToonWater/MainSettings.lighting using Guid(2e480156490f84ad38a6d8a22f8da4cd) Importer(815301076,1909f56bfc062723c751e8b465ee728b)  -> (artifact id: 'f5335597ea7ef28ab291cb62b488e626') in 0.216112 seconds 
========================================================================
Received Import Request.
  Time since last request: 7.961833 seconds.
  path: Assets/Collections/Shaders/ToonWater/Materials
  artifactKey: Guid(5e1975321edf048f9952500b525a42a2) Importer(815301076,1909f56bfc062723c751e8b465ee728b)
Start importing Assets/Collections/Shaders/ToonWater/Materials using Guid(5e1975321edf048f9952500b525a42a2) Importer(815301076,1909f56bfc062723c751e8b465ee728b)  -> (artifact id: 'c23ea8affffb8c8db790f3caab95ed79') in 0.003182 seconds 
========================================================================
Received Import Request.
  Time since last request: 7.434735 seconds.
  path: Assets/Collections/Shaders/ToonWater/Shaders
  artifactKey: Guid(6a480d898c59340ceb4cae873ef72f41) Importer(815301076,1909f56bfc062723c751e8b465ee728b)
Start importing Assets/Collections/Shaders/ToonWater/Shaders using Guid(6a480d898c59340ceb4cae873ef72f41) Importer(815301076,1909f56bfc062723c751e8b465ee728b)  -> (artifact id: '3b0d87943e51c6b1035cea36243911e9') in 0.003401 seconds 
AssetImportWorkerClient::OnTransportError - code=2 error=End of file
